2025-09-23T15:19:51.796+05:30  INFO 7356 --- [Security] [main] c.S.Secureapp.SecurityApplication        : Starting SecurityApplication using Java 22.0.1 with PID 7356 (E:\Security\target\classes started by Asus in E:\Security)
2025-09-23T15:19:51.802+05:30  INFO 7356 --- [Security] [main] c.S.Secureapp.SecurityApplication        : No active profile set, falling back to 1 default profile: "default"
2025-09-23T15:19:52.979+05:30  INFO 7356 --- [Security] [main] .s.d.r.c.RepositoryConfigurationDelegate : Bootstrapping Spring Data JPA repositories in DEFAULT mode.
2025-09-23T15:19:53.065+05:30  INFO 7356 --- [Security] [main] .s.d.r.c.RepositoryConfigurationDelegate : Finished Spring Data repository scanning in 73 ms. Found 2 JPA repository interfaces.
2025-09-23T15:19:54.058+05:30  INFO 7356 --- [Security] [main] o.s.b.w.embedded.tomcat.TomcatWebServer  : Tomcat initialized with port 8080 (http)
2025-09-23T15:19:54.074+05:30  INFO 7356 --- [Security] [main] o.apache.catalina.core.StandardService   : Starting service [Tomcat]
2025-09-23T15:19:54.075+05:30  INFO 7356 --- [Security] [main] o.apache.catalina.core.StandardEngine    : Starting Servlet engine: [Apache Tomcat/10.1.44]
2025-09-23T15:19:54.141+05:30  INFO 7356 --- [Security] [main] o.a.c.c.C.[Tomcat].[localhost].[/]       : Initializing Spring embedded WebApplicationContext
2025-09-23T15:19:54.141+05:30  INFO 7356 --- [Security] [main] w.s.c.ServletWebServerApplicationContext : Root WebApplicationContext: initialization completed in 2275 ms
2025-09-23T15:19:54.384+05:30  INFO 7356 --- [Security] [main] o.hibernate.jpa.internal.util.LogHelper  : HHH000204: Processing PersistenceUnitInfo [name: default]
2025-09-23T15:19:54.476+05:30  INFO 7356 --- [Security] [main] org.hibernate.Version                    : HHH000412: Hibernate ORM core version 6.6.26.Final
2025-09-23T15:19:54.520+05:30  INFO 7356 --- [Security] [main] o.h.c.internal.RegionFactoryInitiator    : HHH000026: Second-level cache disabled
2025-09-23T15:19:54.860+05:30  INFO 7356 --- [Security] [main] o.s.o.j.p.SpringPersistenceUnitInfo      : No LoadTimeWeaver setup: ignoring JPA class transformer
2025-09-23T15:19:54.902+05:30  INFO 7356 --- [Security] [main] com.zaxxer.hikari.HikariDataSource       : HikariPool-1 - Starting...
2025-09-23T15:19:55.107+05:30  INFO 7356 --- [Security] [main] com.zaxxer.hikari.pool.HikariPool        : HikariPool-1 - Added connection com.mysql.cj.jdbc.ConnectionImpl@284c4f02
2025-09-23T15:19:55.109+05:30  INFO 7356 --- [Security] [main] com.zaxxer.hikari.HikariDataSource       : HikariPool-1 - Start completed.
2025-09-23T15:19:55.152+05:30  WARN 7356 --- [Security] [main] org.hibernate.dialect.Dialect            : HHH000511: The 5.5.5 version for [org.hibernate.dialect.MySQLDialect] is no longer supported, hence certain features may not work properly. The minimum supported version is 8.0.0. Check the community dialects project for available legacy versions.
2025-09-23T15:19:55.157+05:30  WARN 7356 --- [Security] [main] org.hibernate.orm.deprecation            : HHH90000025: MySQLDialect does not need to be specified explicitly using 'hibernate.dialect' (remove the property setting and it will be selected by default)
2025-09-23T15:19:55.176+05:30  INFO 7356 --- [Security] [main] org.hibernate.orm.connections.pooling    : HHH10001005: Database info:
	Database JDBC URL [Connecting through datasource 'HikariDataSource (HikariPool-1)']
	Database driver: undefined/unknown
	Database version: 5.5.5
	Autocommit mode: undefined/unknown
	Isolation level: undefined/unknown
	Minimum pool size: undefined/unknown
	Maximum pool size: undefined/unknown
2025-09-23T15:19:56.087+05:30  INFO 7356 --- [Security] [main] o.h.e.t.j.p.i.JtaPlatformInitiator       : HHH000489: No JTA platform available (set 'hibernate.transaction.jta.platform' to enable JTA platform integration)
2025-09-23T15:19:56.171+05:30  INFO 7356 --- [Security] [main] j.LocalContainerEntityManagerFactoryBean : Initialized JPA EntityManagerFactory for persistence unit 'default'
2025-09-23T15:19:56.870+05:30  WARN 7356 --- [Security] [main] JpaBaseConfiguration$JpaWebConfiguration : spring.jpa.open-in-view is enabled by default. Therefore, database queries may be performed during view rendering. Explicitly configure spring.jpa.open-in-view to disable this warning
2025-09-23T15:19:57.136+05:30  WARN 7356 --- [Security] [main] .s.s.UserDetailsServiceAutoConfiguration : 

Using generated security password: 4f4cc6ae-7ff8-4c38-b538-8fcee06d11af

This generated password is for development use only. Your security configuration must be updated before running your application in production.

2025-09-23T15:19:57.145+05:30  INFO 7356 --- [Security] [main] r$InitializeUserDetailsManagerConfigurer : Global AuthenticationManager configured with UserDetailsService bean with name inMemoryUserDetailsManager
2025-09-23T15:19:57.642+05:30  INFO 7356 --- [Security] [main] o.s.b.w.embedded.tomcat.TomcatWebServer  : Tomcat started on port 8080 (http) with context path '/'
2025-09-23T15:19:57.651+05:30  INFO 7356 --- [Security] [main] c.S.Secureapp.SecurityApplication        : Started SecurityApplication in 6.665 seconds (process running for 9.06)
2025-09-23T15:20:29.113+05:30  INFO 7356 --- [Security] [http-nio-8080-exec-1] o.a.c.c.C.[Tomcat].[localhost].[/]       : Initializing Spring DispatcherServlet 'dispatcherServlet'
2025-09-23T15:20:29.115+05:30  INFO 7356 --- [Security] [http-nio-8080-exec-1] o.s.web.servlet.DispatcherServlet        : Initializing Servlet 'dispatcherServlet'
2025-09-23T15:20:29.123+05:30  INFO 7356 --- [Security] [http-nio-8080-exec-1] o.s.web.servlet.DispatcherServlet        : Completed initialization in 7 ms
2025-09-23T15:23:38.230+05:30  INFO 7356 --- [Security] [SpringApplicationShutdownHook] o.s.b.w.e.tomcat.GracefulShutdown        : Commencing graceful shutdown. Waiting for active requests to complete
2025-09-23T15:23:38.260+05:30  INFO 7356 --- [Security] [tomcat-shutdown] o.s.b.w.e.tomcat.GracefulShutdown        : Graceful shutdown complete
2025-09-23T15:23:38.291+05:30  INFO 7356 --- [Security] [SpringApplicationShutdownHook] j.LocalContainerEntityManagerFactoryBean : Closing JPA EntityManagerFactory for persistence unit 'default'
2025-09-23T15:23:38.327+05:30  INFO 7356 --- [Security] [SpringApplicationShutdownHook] com.zaxxer.hikari.HikariDataSource       : HikariPool-1 - Shutdown initiated...
2025-09-23T15:23:38.372+05:30  INFO 7356 --- [Security] [SpringApplicationShutdownHook] com.zaxxer.hikari.HikariDataSource       : HikariPool-1 - Shutdown completed.
